[2020-04-03 14:07:25,892] multiqc                                            [DEBUG  ]  No MultiQC config found: /sw/bioinfo/MultiQC/1.8/rackham/lib/python3.6/site-packages/multiqc_config.yaml
[2020-04-03 14:07:25,892] multiqc                                            [DEBUG  ]  No MultiQC config found: /home/sarasl/.multiqc_config.yaml
[2020-04-03 14:07:25,893] multiqc                                            [DEBUG  ]  No MultiQC config found: multiqc_config.yaml
[2020-04-03 14:07:25,893] multiqc                                            [DEBUG  ]  Command used: /sw/bioinfo/MultiQC/1.8/rackham/bin/multiqc -o 1_quality_check/multiqc_wgs/ 1_quality_check/fastqc_wgs/
[2020-04-03 14:07:26,298] multiqc                                            [DEBUG  ]  Latest MultiQC version is v1.8
[2020-04-03 14:07:26,299] multiqc                                            [INFO   ]  This is MultiQC v1.8
[2020-04-03 14:07:26,299] multiqc                                            [DEBUG  ]  Command     : /sw/bioinfo/MultiQC/1.8/rackham/bin/multiqc -o 1_quality_check/multiqc_wgs/ 1_quality_check/fastqc_wgs/
[2020-04-03 14:07:26,299] multiqc                                            [DEBUG  ]  Working dir : /domus/h1/sarasl/git/GenomeAnalysis
[2020-04-03 14:07:26,299] multiqc                                            [INFO   ]  Template    : default
[2020-04-03 14:07:26,300] multiqc                                            [DEBUG  ]  Running Python 3.6.8 (default, Mar 14 2019, 16:13:09)  [GCC 4.8.5 20150623 (Red Hat 4.8.5-36)]
[2020-04-03 14:07:26,300] multiqc                                            [INFO   ]  Searching   : /domus/h1/sarasl/git/GenomeAnalysis/1_quality_check/fastqc_wgs
[2020-04-03 14:07:26,301] multiqc                                            [DEBUG  ]  Analysing modules: custom_content, conpair, peddy, methylQA, phantompeakqualtools, qualimap, preseq, quast, qorts, rna_seqc, rsem, rseqc, busco, goleft_indexcov, disambiguate, supernova, deeptools, sargasso, verifybamid, mirtrace, happy, homer, macs2, theta2, snpeff, gatk, htseq, bcftools, featureCounts, fgbio, dedup, damageprofiler, biobambam2, mtnucratio, picard, prokka, samblaster, samtools, sexdeterrmine, bamtools, jellyfish, vcftools, longranger, stacks, bbmap, bismark, biscuit, hicexplorer, hicup, hicpro, salmon, kallisto, slamdunk, star, hisat2, tophat, bowtie2, bowtie1, kat, leehom, adapterRemoval, clipandmerge, cutadapt, flexbar, trimmomatic, skewer, sortmerna, biobloomtools, fastq_screen, afterqc, fastp, fastqc, minionqc, mosdepth, clusterflow, bcl2fastq, interop, flash, seqyclean
[2020-04-03 14:07:26,301] multiqc                                            [DEBUG  ]  Using temporary directory for creating report: /scratch/13139498/tmpg8e_2xza
[2020-04-03 14:07:26,497] multiqc                                            [DEBUG  ]  Ignoring file as matched an ignore pattern: bat_175.trim_1P_fastqc.html
[2020-04-03 14:07:26,497] multiqc                                            [DEBUG  ]  Ignoring file as matched an ignore pattern: bat_175.trim_1U_fastqc.html
[2020-04-03 14:07:26,498] multiqc                                            [DEBUG  ]  Ignoring file as matched an ignore pattern: bat_175.trim_2P_fastqc.html
[2020-04-03 14:07:26,498] multiqc                                            [DEBUG  ]  Ignoring file as matched an ignore pattern: bat_175.trim_2U_fastqc.html
[2020-04-03 14:07:26,499] multiqc                                            [DEBUG  ]  Ignoring file as matched an ignore pattern: bat_2to4kb.trim_1P_fastqc.html
[2020-04-03 14:07:26,499] multiqc                                            [DEBUG  ]  Ignoring file as matched an ignore pattern: bat_2to4kb.trim_1U_fastqc.html
[2020-04-03 14:07:26,500] multiqc                                            [DEBUG  ]  Ignoring file as matched an ignore pattern: bat_2to4kb.trim_2P_fastqc.html
[2020-04-03 14:07:26,500] multiqc                                            [DEBUG  ]  Ignoring file as matched an ignore pattern: bat_2to4kb.trim_2U_fastqc.html
[2020-04-03 14:07:26,501] multiqc                                            [DEBUG  ]  Ignoring file as matched an ignore pattern: bat_400.trim_1P_fastqc.html
[2020-04-03 14:07:26,501] multiqc                                            [DEBUG  ]  Ignoring file as matched an ignore pattern: bat_400.trim_1U_fastqc.html
[2020-04-03 14:07:26,502] multiqc                                            [DEBUG  ]  Ignoring file as matched an ignore pattern: bat_400.trim_2P_fastqc.html
[2020-04-03 14:07:26,502] multiqc                                            [DEBUG  ]  Ignoring file as matched an ignore pattern: bat_400.trim_2U_fastqc.html
[2020-04-03 14:07:26,503] multiqc                                            [DEBUG  ]  Ignoring file as matched an ignore pattern: bat_5to6kb.trim_1P_fastqc.html
[2020-04-03 14:07:26,503] multiqc                                            [DEBUG  ]  Ignoring file as matched an ignore pattern: bat_5to6kb.trim_1U_fastqc.html
[2020-04-03 14:07:26,504] multiqc                                            [DEBUG  ]  Ignoring file as matched an ignore pattern: bat_5to6kb.trim_2P_fastqc.html
[2020-04-03 14:07:26,504] multiqc                                            [DEBUG  ]  Ignoring file as matched an ignore pattern: bat_5to6kb.trim_2U_fastqc.html
[2020-04-03 14:07:26,505] multiqc                                            [DEBUG  ]  Ignoring file as matched an ignore pattern: bat_800.trim_1P_fastqc.html
[2020-04-03 14:07:26,505] multiqc                                            [DEBUG  ]  Ignoring file as matched an ignore pattern: bat_800.trim_1U_fastqc.html
[2020-04-03 14:07:26,506] multiqc                                            [DEBUG  ]  Ignoring file as matched an ignore pattern: bat_800.trim_2P_fastqc.html
[2020-04-03 14:07:26,506] multiqc                                            [DEBUG  ]  Ignoring file as matched an ignore pattern: bat_800.trim_2U_fastqc.html
[2020-04-03 14:07:26,506] multiqc                                            [DEBUG  ]  Ignoring file as matched an ignore pattern: bat_8to10kb.trim_1P_fastqc.html
[2020-04-03 14:07:26,507] multiqc                                            [DEBUG  ]  Ignoring file as matched an ignore pattern: bat_8to10kb.trim_1U_fastqc.html
[2020-04-03 14:07:26,507] multiqc                                            [DEBUG  ]  Ignoring file as matched an ignore pattern: bat_8to10kb.trim_2P_fastqc.html
[2020-04-03 14:07:26,508] multiqc                                            [DEBUG  ]  Ignoring file as matched an ignore pattern: bat_8to10kb.trim_2U_fastqc.html
[2020-04-03 14:07:28,289] multiqc.plots.bargraph                             [DEBUG  ]  Using matplotlib version 3.1.1
[2020-04-03 14:07:28,290] multiqc.plots.linegraph                            [DEBUG  ]  Using matplotlib version 3.1.1
[2020-04-03 14:07:28,293] multiqc                                            [DEBUG  ]  No samples found: custom_content
[2020-04-03 14:07:28,298] multiqc                                            [DEBUG  ]  No samples found: conpair
[2020-04-03 14:07:28,304] multiqc                                            [DEBUG  ]  No samples found: peddy
[2020-04-03 14:07:28,309] multiqc                                            [DEBUG  ]  No samples found: methylQA
[2020-04-03 14:07:28,314] multiqc                                            [DEBUG  ]  No samples found: phantompeakqualtools
[2020-04-03 14:07:28,321] multiqc                                            [DEBUG  ]  No samples found: qualimap
[2020-04-03 14:07:28,327] multiqc                                            [DEBUG  ]  No samples found: preseq
[2020-04-03 14:07:28,332] multiqc                                            [DEBUG  ]  No samples found: quast
[2020-04-03 14:07:28,337] multiqc                                            [DEBUG  ]  No samples found: qorts
[2020-04-03 14:07:28,343] multiqc                                            [DEBUG  ]  No samples found: rna_seqc
[2020-04-03 14:07:28,348] multiqc                                            [DEBUG  ]  No samples found: rsem
[2020-04-03 14:07:28,362] multiqc                                            [DEBUG  ]  No samples found: rseqc
[2020-04-03 14:07:28,367] multiqc                                            [DEBUG  ]  No samples found: busco
[2020-04-03 14:07:28,372] multiqc                                            [DEBUG  ]  No samples found: goleft_indexcov
[2020-04-03 14:07:28,378] multiqc                                            [DEBUG  ]  No samples found: disambiguate
[2020-04-03 14:07:28,383] multiqc                                            [DEBUG  ]  No samples found: supernova
[2020-04-03 14:07:28,397] multiqc                                            [DEBUG  ]  No samples found: deeptools
[2020-04-03 14:07:28,402] multiqc                                            [DEBUG  ]  No samples found: sargasso
[2020-04-03 14:07:28,407] multiqc                                            [DEBUG  ]  No samples found: verifybamid
[2020-04-03 14:07:28,413] multiqc                                            [DEBUG  ]  No samples found: mirtrace
[2020-04-03 14:07:28,418] multiqc                                            [DEBUG  ]  No samples found: happy
[2020-04-03 14:07:28,425] multiqc                                            [DEBUG  ]  No samples found: homer
[2020-04-03 14:07:28,430] multiqc                                            [DEBUG  ]  No samples found: macs2
[2020-04-03 14:07:28,435] multiqc                                            [DEBUG  ]  No samples found: theta2
[2020-04-03 14:07:28,441] multiqc                                            [DEBUG  ]  No samples found: snpeff
[2020-04-03 14:07:28,448] multiqc                                            [DEBUG  ]  No samples found: gatk
[2020-04-03 14:07:28,453] multiqc                                            [DEBUG  ]  No samples found: htseq
[2020-04-03 14:07:28,460] multiqc                                            [DEBUG  ]  No samples found: bcftools
[2020-04-03 14:07:28,465] multiqc                                            [DEBUG  ]  No samples found: featureCounts
[2020-04-03 14:07:28,471] multiqc                                            [DEBUG  ]  No samples found: fgbio
[2020-04-03 14:07:28,476] multiqc                                            [DEBUG  ]  No samples found: dedup
[2020-04-03 14:07:28,481] multiqc                                            [DEBUG  ]  No samples found: damageprofiler
[2020-04-03 14:07:28,501] multiqc                                            [DEBUG  ]  No samples found: biobambam2
[2020-04-03 14:07:28,506] multiqc                                            [DEBUG  ]  No samples found: mtnucratio
[2020-04-03 14:07:28,509] multiqc                                            [DEBUG  ]  No samples found: picard
[2020-04-03 14:07:28,514] multiqc                                            [DEBUG  ]  No samples found: prokka
[2020-04-03 14:07:28,520] multiqc                                            [DEBUG  ]  No samples found: samblaster
[2020-04-03 14:07:28,529] multiqc                                            [DEBUG  ]  No samples found: samtools
[2020-04-03 14:07:28,534] multiqc                                            [DEBUG  ]  No samples found: sexdeterrmine
[2020-04-03 14:07:28,541] multiqc                                            [DEBUG  ]  No samples found: bamtools
[2020-04-03 14:07:28,546] multiqc                                            [DEBUG  ]  No samples found: jellyfish
[2020-04-03 14:07:28,555] multiqc                                            [DEBUG  ]  No samples found: vcftools
[2020-04-03 14:07:28,561] multiqc                                            [DEBUG  ]  No samples found: longranger
[2020-04-03 14:07:28,566] multiqc                                            [DEBUG  ]  No samples found: stacks
[2020-04-03 14:07:28,583] multiqc                                            [DEBUG  ]  No samples found: bbmap
[2020-04-03 14:07:28,588] multiqc                                            [DEBUG  ]  No samples found: bismark
[2020-04-03 14:07:28,594] multiqc                                            [DEBUG  ]  No samples found: biscuit
[2020-04-03 14:07:28,600] multiqc                                            [DEBUG  ]  No samples found: hicexplorer
[2020-04-03 14:07:28,605] multiqc                                            [DEBUG  ]  No samples found: hicup
[2020-04-03 14:07:28,611] multiqc                                            [DEBUG  ]  No samples found: hicpro
[2020-04-03 14:07:28,616] multiqc                                            [DEBUG  ]  No samples found: salmon
[2020-04-03 14:07:28,621] multiqc                                            [DEBUG  ]  No samples found: kallisto
[2020-04-03 14:07:28,626] multiqc                                            [DEBUG  ]  No samples found: slamdunk
[2020-04-03 14:07:28,632] multiqc                                            [DEBUG  ]  No samples found: star
[2020-04-03 14:07:28,637] multiqc                                            [DEBUG  ]  No samples found: hisat2
[2020-04-03 14:07:28,642] multiqc                                            [DEBUG  ]  No samples found: tophat
[2020-04-03 14:07:28,647] multiqc                                            [DEBUG  ]  No samples found: bowtie2
[2020-04-03 14:07:28,652] multiqc                                            [DEBUG  ]  No samples found: bowtie1
[2020-04-03 14:07:28,657] multiqc                                            [DEBUG  ]  No samples found: kat
[2020-04-03 14:07:28,663] multiqc                                            [DEBUG  ]  No samples found: leehom
[2020-04-03 14:07:28,668] multiqc                                            [DEBUG  ]  No samples found: adapterRemoval
[2020-04-03 14:07:28,673] multiqc                                            [DEBUG  ]  No samples found: clipandmerge
[2020-04-03 14:07:28,679] multiqc                                            [DEBUG  ]  No samples found: cutadapt
[2020-04-03 14:07:28,684] multiqc                                            [DEBUG  ]  No samples found: flexbar
[2020-04-03 14:07:28,689] multiqc                                            [DEBUG  ]  No samples found: trimmomatic
[2020-04-03 14:07:28,695] multiqc                                            [DEBUG  ]  No samples found: skewer
[2020-04-03 14:07:28,700] multiqc                                            [DEBUG  ]  No samples found: sortmerna
[2020-04-03 14:07:28,706] multiqc                                            [DEBUG  ]  No samples found: biobloomtools
[2020-04-03 14:07:28,711] multiqc                                            [DEBUG  ]  No samples found: fastq_screen
[2020-04-03 14:07:28,716] multiqc                                            [DEBUG  ]  No samples found: afterqc
[2020-04-03 14:07:28,722] multiqc                                            [DEBUG  ]  No samples found: fastp
[2020-04-03 14:07:29,957] multiqc.modules.fastqc.fastqc                      [INFO   ]  Found 24 reports
[2020-04-03 14:07:30,399] multiqc                                            [DEBUG  ]  No samples found: minionqc
[2020-04-03 14:07:30,406] multiqc                                            [DEBUG  ]  No samples found: mosdepth
[2020-04-03 14:07:30,413] multiqc                                            [DEBUG  ]  No samples found: clusterflow
[2020-04-03 14:07:30,421] multiqc                                            [DEBUG  ]  No samples found: bcl2fastq
[2020-04-03 14:07:30,429] multiqc                                            [DEBUG  ]  No samples found: interop
[2020-04-03 14:07:30,436] multiqc                                            [DEBUG  ]  No samples found: flash
[2020-04-03 14:07:30,443] multiqc                                            [DEBUG  ]  No samples found: seqyclean
[2020-04-03 14:07:30,489] multiqc                                            [INFO   ]  Compressing plot data
[2020-04-03 14:07:30,962] multiqc                                            [INFO   ]  Report      : 1_quality_check/multiqc_wgs/multiqc_report.html
[2020-04-03 14:07:30,963] multiqc                                            [INFO   ]  Data        : 1_quality_check/multiqc_wgs/multiqc_data
[2020-04-03 14:07:30,963] multiqc                                            [DEBUG  ]  Moving data file from '/scratch/13139498/tmpg8e_2xza/multiqc_data/multiqc_fastqc.txt' to '1_quality_check/multiqc_wgs/multiqc_data'
[2020-04-03 14:07:30,966] multiqc                                            [DEBUG  ]  Moving data file from '/scratch/13139498/tmpg8e_2xza/multiqc_data/multiqc_qualimap_bamqc_genome_results.txt' to '1_quality_check/multiqc_wgs/multiqc_data'
[2020-04-03 14:07:30,968] multiqc                                            [DEBUG  ]  Moving data file from '/scratch/13139498/tmpg8e_2xza/multiqc_data/multiqc_data.json' to '1_quality_check/multiqc_wgs/multiqc_data'
[2020-04-03 14:07:30,984] multiqc                                            [DEBUG  ]  Moving data file from '/scratch/13139498/tmpg8e_2xza/multiqc_data/multiqc_sources.txt' to '1_quality_check/multiqc_wgs/multiqc_data'
[2020-04-03 14:07:30,986] multiqc                                            [DEBUG  ]  Moving data file from '/scratch/13139498/tmpg8e_2xza/multiqc_data/multiqc_general_stats.txt' to '1_quality_check/multiqc_wgs/multiqc_data'
[2020-04-03 14:07:31,149] multiqc                                            [INFO   ]  MultiQC complete
