[2020-04-03 14:20:27,212] multiqc                                            [DEBUG  ]  No MultiQC config found: /sw/bioinfo/MultiQC/1.8/rackham/lib/python3.6/site-packages/multiqc_config.yaml
[2020-04-03 14:20:27,212] multiqc                                            [DEBUG  ]  No MultiQC config found: /home/sarasl/.multiqc_config.yaml
[2020-04-03 14:20:27,212] multiqc                                            [DEBUG  ]  No MultiQC config found: multiqc_config.yaml
[2020-04-03 14:20:27,212] multiqc                                            [DEBUG  ]  Command used: /sw/bioinfo/MultiQC/1.8/rackham/bin/multiqc -o 1_quality_check/multiqc_rna_seq/raw/ 1_quality_check/fastqc_rna_seq/raw/
[2020-04-03 14:20:27,473] multiqc                                            [DEBUG  ]  Latest MultiQC version is v1.8
[2020-04-03 14:20:27,474] multiqc                                            [INFO   ]  This is MultiQC v1.8
[2020-04-03 14:20:27,474] multiqc                                            [DEBUG  ]  Command     : /sw/bioinfo/MultiQC/1.8/rackham/bin/multiqc -o 1_quality_check/multiqc_rna_seq/raw/ 1_quality_check/fastqc_rna_seq/raw/
[2020-04-03 14:20:27,474] multiqc                                            [DEBUG  ]  Working dir : /domus/h1/sarasl/git/GenomeAnalysis
[2020-04-03 14:20:27,474] multiqc                                            [INFO   ]  Template    : default
[2020-04-03 14:20:27,474] multiqc                                            [DEBUG  ]  Running Python 3.6.8 (default, Mar 14 2019, 16:13:09)  [GCC 4.8.5 20150623 (Red Hat 4.8.5-36)]
[2020-04-03 14:20:27,474] multiqc                                            [INFO   ]  Searching   : /domus/h1/sarasl/git/GenomeAnalysis/1_quality_check/fastqc_rna_seq/raw
[2020-04-03 14:20:27,475] multiqc                                            [DEBUG  ]  Analysing modules: custom_content, conpair, peddy, methylQA, phantompeakqualtools, qualimap, preseq, quast, qorts, rna_seqc, rsem, rseqc, busco, goleft_indexcov, disambiguate, supernova, deeptools, sargasso, verifybamid, mirtrace, happy, homer, macs2, theta2, snpeff, gatk, htseq, bcftools, featureCounts, fgbio, dedup, damageprofiler, biobambam2, mtnucratio, picard, prokka, samblaster, samtools, sexdeterrmine, bamtools, jellyfish, vcftools, longranger, stacks, bbmap, bismark, biscuit, hicexplorer, hicup, hicpro, salmon, kallisto, slamdunk, star, hisat2, tophat, bowtie2, bowtie1, kat, leehom, adapterRemoval, clipandmerge, cutadapt, flexbar, trimmomatic, skewer, sortmerna, biobloomtools, fastq_screen, afterqc, fastp, fastqc, minionqc, mosdepth, clusterflow, bcl2fastq, interop, flash, seqyclean
[2020-04-03 14:20:27,475] multiqc                                            [DEBUG  ]  Using temporary directory for creating report: /scratch/13139498/tmp_h3j59d4
[2020-04-03 14:20:27,647] multiqc                                            [DEBUG  ]  Ignoring file as matched an ignore pattern: HL_CS17_45.1_fastqc.html
[2020-04-03 14:20:27,648] multiqc                                            [DEBUG  ]  Ignoring file as matched an ignore pattern: HL_CS17_45.2_fastqc.html
[2020-04-03 14:20:27,983] multiqc.plots.bargraph                             [DEBUG  ]  Using matplotlib version 3.1.1
[2020-04-03 14:20:27,984] multiqc.plots.linegraph                            [DEBUG  ]  Using matplotlib version 3.1.1
[2020-04-03 14:20:27,991] multiqc                                            [DEBUG  ]  No samples found: custom_content
[2020-04-03 14:20:27,996] multiqc                                            [DEBUG  ]  No samples found: conpair
[2020-04-03 14:20:28,001] multiqc                                            [DEBUG  ]  No samples found: peddy
[2020-04-03 14:20:28,007] multiqc                                            [DEBUG  ]  No samples found: methylQA
[2020-04-03 14:20:28,012] multiqc                                            [DEBUG  ]  No samples found: phantompeakqualtools
[2020-04-03 14:20:28,019] multiqc                                            [DEBUG  ]  No samples found: qualimap
[2020-04-03 14:20:28,024] multiqc                                            [DEBUG  ]  No samples found: preseq
[2020-04-03 14:20:28,030] multiqc                                            [DEBUG  ]  No samples found: quast
[2020-04-03 14:20:28,035] multiqc                                            [DEBUG  ]  No samples found: qorts
[2020-04-03 14:20:28,041] multiqc                                            [DEBUG  ]  No samples found: rna_seqc
[2020-04-03 14:20:28,046] multiqc                                            [DEBUG  ]  No samples found: rsem
[2020-04-03 14:20:28,057] multiqc                                            [DEBUG  ]  No samples found: rseqc
[2020-04-03 14:20:28,062] multiqc                                            [DEBUG  ]  No samples found: busco
[2020-04-03 14:20:28,068] multiqc                                            [DEBUG  ]  No samples found: goleft_indexcov
[2020-04-03 14:20:28,073] multiqc                                            [DEBUG  ]  No samples found: disambiguate
[2020-04-03 14:20:28,079] multiqc                                            [DEBUG  ]  No samples found: supernova
[2020-04-03 14:20:28,090] multiqc                                            [DEBUG  ]  No samples found: deeptools
[2020-04-03 14:20:28,096] multiqc                                            [DEBUG  ]  No samples found: sargasso
[2020-04-03 14:20:28,101] multiqc                                            [DEBUG  ]  No samples found: verifybamid
[2020-04-03 14:20:28,107] multiqc                                            [DEBUG  ]  No samples found: mirtrace
[2020-04-03 14:20:28,112] multiqc                                            [DEBUG  ]  No samples found: happy
[2020-04-03 14:20:28,119] multiqc                                            [DEBUG  ]  No samples found: homer
[2020-04-03 14:20:28,124] multiqc                                            [DEBUG  ]  No samples found: macs2
[2020-04-03 14:20:28,130] multiqc                                            [DEBUG  ]  No samples found: theta2
[2020-04-03 14:20:28,136] multiqc                                            [DEBUG  ]  No samples found: snpeff
[2020-04-03 14:20:28,143] multiqc                                            [DEBUG  ]  No samples found: gatk
[2020-04-03 14:20:28,148] multiqc                                            [DEBUG  ]  No samples found: htseq
[2020-04-03 14:20:28,154] multiqc                                            [DEBUG  ]  No samples found: bcftools
[2020-04-03 14:20:28,160] multiqc                                            [DEBUG  ]  No samples found: featureCounts
[2020-04-03 14:20:28,166] multiqc                                            [DEBUG  ]  No samples found: fgbio
[2020-04-03 14:20:28,171] multiqc                                            [DEBUG  ]  No samples found: dedup
[2020-04-03 14:20:28,176] multiqc                                            [DEBUG  ]  No samples found: damageprofiler
[2020-04-03 14:20:28,192] multiqc                                            [DEBUG  ]  No samples found: biobambam2
[2020-04-03 14:20:28,197] multiqc                                            [DEBUG  ]  No samples found: mtnucratio
[2020-04-03 14:20:28,201] multiqc                                            [DEBUG  ]  No samples found: picard
[2020-04-03 14:20:28,207] multiqc                                            [DEBUG  ]  No samples found: prokka
[2020-04-03 14:20:28,212] multiqc                                            [DEBUG  ]  No samples found: samblaster
[2020-04-03 14:20:28,220] multiqc                                            [DEBUG  ]  No samples found: samtools
[2020-04-03 14:20:28,225] multiqc                                            [DEBUG  ]  No samples found: sexdeterrmine
[2020-04-03 14:20:28,231] multiqc                                            [DEBUG  ]  No samples found: bamtools
[2020-04-03 14:20:28,237] multiqc                                            [DEBUG  ]  No samples found: jellyfish
[2020-04-03 14:20:28,244] multiqc                                            [DEBUG  ]  No samples found: vcftools
[2020-04-03 14:20:28,250] multiqc                                            [DEBUG  ]  No samples found: longranger
[2020-04-03 14:20:28,255] multiqc                                            [DEBUG  ]  No samples found: stacks
[2020-04-03 14:20:28,267] multiqc                                            [DEBUG  ]  No samples found: bbmap
[2020-04-03 14:20:28,272] multiqc                                            [DEBUG  ]  No samples found: bismark
[2020-04-03 14:20:28,278] multiqc                                            [DEBUG  ]  No samples found: biscuit
[2020-04-03 14:20:28,283] multiqc                                            [DEBUG  ]  No samples found: hicexplorer
[2020-04-03 14:20:28,289] multiqc                                            [DEBUG  ]  No samples found: hicup
[2020-04-03 14:20:28,294] multiqc                                            [DEBUG  ]  No samples found: hicpro
[2020-04-03 14:20:28,299] multiqc                                            [DEBUG  ]  No samples found: salmon
[2020-04-03 14:20:28,304] multiqc                                            [DEBUG  ]  No samples found: kallisto
[2020-04-03 14:20:28,310] multiqc                                            [DEBUG  ]  No samples found: slamdunk
[2020-04-03 14:20:28,315] multiqc                                            [DEBUG  ]  No samples found: star
[2020-04-03 14:20:28,320] multiqc                                            [DEBUG  ]  No samples found: hisat2
[2020-04-03 14:20:28,326] multiqc                                            [DEBUG  ]  No samples found: tophat
[2020-04-03 14:20:28,331] multiqc                                            [DEBUG  ]  No samples found: bowtie2
[2020-04-03 14:20:28,337] multiqc                                            [DEBUG  ]  No samples found: bowtie1
[2020-04-03 14:20:28,342] multiqc                                            [DEBUG  ]  No samples found: kat
[2020-04-03 14:20:28,347] multiqc                                            [DEBUG  ]  No samples found: leehom
[2020-04-03 14:20:28,352] multiqc                                            [DEBUG  ]  No samples found: adapterRemoval
[2020-04-03 14:20:28,357] multiqc                                            [DEBUG  ]  No samples found: clipandmerge
[2020-04-03 14:20:28,362] multiqc                                            [DEBUG  ]  No samples found: cutadapt
[2020-04-03 14:20:28,367] multiqc                                            [DEBUG  ]  No samples found: flexbar
[2020-04-03 14:20:28,372] multiqc                                            [DEBUG  ]  No samples found: trimmomatic
[2020-04-03 14:20:28,378] multiqc                                            [DEBUG  ]  No samples found: skewer
[2020-04-03 14:20:28,383] multiqc                                            [DEBUG  ]  No samples found: sortmerna
[2020-04-03 14:20:28,388] multiqc                                            [DEBUG  ]  No samples found: biobloomtools
[2020-04-03 14:20:28,393] multiqc                                            [DEBUG  ]  No samples found: fastq_screen
[2020-04-03 14:20:28,399] multiqc                                            [DEBUG  ]  No samples found: afterqc
[2020-04-03 14:20:28,404] multiqc                                            [DEBUG  ]  No samples found: fastp
[2020-04-03 14:20:28,533] multiqc.modules.fastqc.fastqc                      [INFO   ]  Found 2 reports
[2020-04-03 14:20:28,616] multiqc                                            [DEBUG  ]  No samples found: minionqc
[2020-04-03 14:20:28,621] multiqc                                            [DEBUG  ]  No samples found: mosdepth
[2020-04-03 14:20:28,626] multiqc                                            [DEBUG  ]  No samples found: clusterflow
[2020-04-03 14:20:28,631] multiqc                                            [DEBUG  ]  No samples found: bcl2fastq
[2020-04-03 14:20:28,636] multiqc                                            [DEBUG  ]  No samples found: interop
[2020-04-03 14:20:28,642] multiqc                                            [DEBUG  ]  No samples found: flash
[2020-04-03 14:20:28,647] multiqc                                            [DEBUG  ]  No samples found: seqyclean
[2020-04-03 14:20:28,652] multiqc                                            [INFO   ]  Compressing plot data
[2020-04-03 14:20:28,708] multiqc                                            [INFO   ]  Report      : 1_quality_check/multiqc_rna_seq/raw/multiqc_report.html
[2020-04-03 14:20:28,708] multiqc                                            [INFO   ]  Data        : 1_quality_check/multiqc_rna_seq/raw/multiqc_data
[2020-04-03 14:20:28,714] multiqc                                            [DEBUG  ]  Moving data file from '/scratch/13139498/tmp_h3j59d4/multiqc_data/multiqc_fastqc.txt' to '1_quality_check/multiqc_rna_seq/raw/multiqc_data'
[2020-04-03 14:20:28,716] multiqc                                            [DEBUG  ]  Moving data file from '/scratch/13139498/tmp_h3j59d4/multiqc_data/multiqc_qualimap_bamqc_genome_results.txt' to '1_quality_check/multiqc_rna_seq/raw/multiqc_data'
[2020-04-03 14:20:28,720] multiqc                                            [DEBUG  ]  Moving data file from '/scratch/13139498/tmp_h3j59d4/multiqc_data/multiqc_data.json' to '1_quality_check/multiqc_rna_seq/raw/multiqc_data'
[2020-04-03 14:20:28,724] multiqc                                            [DEBUG  ]  Moving data file from '/scratch/13139498/tmp_h3j59d4/multiqc_data/multiqc_sources.txt' to '1_quality_check/multiqc_rna_seq/raw/multiqc_data'
[2020-04-03 14:20:28,726] multiqc                                            [DEBUG  ]  Moving data file from '/scratch/13139498/tmp_h3j59d4/multiqc_data/multiqc_general_stats.txt' to '1_quality_check/multiqc_rna_seq/raw/multiqc_data'
[2020-04-03 14:20:28,910] multiqc                                            [INFO   ]  MultiQC complete
